\BOOKMARK [0][-]{section*.2}{Alumnos\040en\040preprimaria}{}% 1
\BOOKMARK [1][-]{section*.3}{\040Inscritos\040}{section*.2}% 2
\BOOKMARK [1][-]{section*.4}{\040Inscritos\040por\040sexo}{section*.2}% 3
\BOOKMARK [1][-]{section*.5}{\040Inscritos\040por\040etnia}{section*.2}% 4
\BOOKMARK [1][-]{section*.6}{\040Inscritos\040por\040sector\040educativo}{section*.2}% 5
\BOOKMARK [1][-]{section*.7}{\040Inscritos\040e\040idioma}{section*.2}% 6
\BOOKMARK [1][-]{section*.8}{\040Inscritos\040en\040los\040departamentos}{section*.2}% 7
\BOOKMARK [0][-]{section*.9}{Indicadores\040de\040preprimaria}{}% 8
\BOOKMARK [1][-]{section*.10}{\040Cobertura\040bruta}{section*.9}% 9
\BOOKMARK [1][-]{section*.11}{\040Cobertura\040bruta\040por\040sexo}{section*.9}% 10
\BOOKMARK [1][-]{section*.12}{\040Cobertura\040bruta\040en\040los\040departamentos}{section*.9}% 11
\BOOKMARK [1][-]{section*.13}{\040Cobertura\040neta}{section*.9}% 12
\BOOKMARK [1][-]{section*.14}{\040Cobertura\040neta\040por\040sexo}{section*.9}% 13
\BOOKMARK [1][-]{section*.15}{\040Cobertura\040neta\040en\040los\040departamentos}{section*.9}% 14
\BOOKMARK [0][-]{section*.16}{Alumnos\040en\040el\040nivel\040primario}{}% 15
\BOOKMARK [1][-]{section*.17}{\040Inscritos\040en\040primaria\040}{section*.16}% 16
\BOOKMARK [1][-]{section*.18}{\040Inscritos\040en\040primaria\040por\040sexo}{section*.16}% 17
\BOOKMARK [1][-]{section*.19}{\040Inscritos\040en\040primaria\040por\040grado}{section*.16}% 18
\BOOKMARK [1][-]{section*.20}{\040Inscritos\040en\040primaria\040por\040etnia}{section*.16}% 19
\BOOKMARK [1][-]{section*.21}{\040Inscritos\040en\040primaria\040por\040sector\040educativo}{section*.16}% 20
\BOOKMARK [1][-]{section*.22}{\040Inscritos\040en\040primaria\040e\040idioma}{section*.16}% 21
\BOOKMARK [1][-]{section*.23}{\040Inscritos\040en\040primaria\040en\040los\040departamentos}{section*.16}% 22
\BOOKMARK [0][-]{section*.24}{Indicadores de educación primaria}{}% 23
\BOOKMARK [1][-]{section*.25}{\040Cobertura\040bruta}{section*.24}% 24
\BOOKMARK [1][-]{section*.26}{\040Cobertura\040bruta\040por\040sexo}{section*.24}% 25
\BOOKMARK [1][-]{section*.27}{\040Cobertura\040bruta\040en\040los\040departamentos}{section*.24}% 26
\BOOKMARK [1][-]{section*.28}{\040Cobertura\040neta}{section*.24}% 27
\BOOKMARK [1][-]{section*.29}{\040Cobertura\040neta\040por\040sexo}{section*.24}% 28
\BOOKMARK [1][-]{section*.30}{\040Cobertura\040neta\040en\040los\040departamentos}{section*.24}% 29
\BOOKMARK [1][-]{section*.31}{\040Repitencia}{section*.24}% 30
\BOOKMARK [1][-]{section*.32}{\040Repitencia\040por\040sexo}{section*.24}% 31
\BOOKMARK [1][-]{section*.33}{\040Repitencia\040en\040los\040departamentos}{section*.24}% 32
\BOOKMARK [1][-]{section*.34}{\040Sobre-edad}{section*.24}% 33
\BOOKMARK [1][-]{section*.35}{\040Sobre-edad\040por\040sexo}{section*.24}% 34
\BOOKMARK [1][-]{section*.36}{\040Sobre-edad\040en\040los\040departamentos}{section*.24}% 35
\BOOKMARK [1][-]{section*.37}{ Deserción}{section*.24}% 36
\BOOKMARK [1][-]{section*.38}{ Deserción por sexo}{section*.24}% 37
\BOOKMARK [1][-]{section*.39}{ Deserción en los departamentos}{section*.24}% 38
\BOOKMARK [1][-]{section*.40}{ Aprobación}{section*.24}% 39
\BOOKMARK [1][-]{section*.41}{ Aprobación por sexo}{section*.24}% 40
\BOOKMARK [1][-]{section*.42}{ Aprobación en los departamentos}{section*.24}% 41
\BOOKMARK [0][-]{section*.43}{Alumnos en el ciclo básico}{}% 42
\BOOKMARK [1][-]{section*.44}{ Inscritos en básicos }{section*.43}% 43
\BOOKMARK [1][-]{section*.45}{ Inscritos en básicos por sexo}{section*.43}% 44
\BOOKMARK [1][-]{section*.46}{ Inscritos en básicos por grado}{section*.43}% 45
\BOOKMARK [1][-]{section*.47}{ Inscritos en básicos por grupo étnico}{section*.43}% 46
\BOOKMARK [1][-]{section*.48}{ Inscritos en básicos por sector educativo}{section*.43}% 47
\BOOKMARK [1][-]{section*.49}{ Inscritos en básicos e idioma}{section*.43}% 48
\BOOKMARK [1][-]{section*.50}{ Inscritos en básicos en los departamentos}{section*.43}% 49
\BOOKMARK [0][-]{section*.51}{Indicadores de educación básica}{}% 50
\BOOKMARK [1][-]{section*.52}{\040Cobertura\040bruta}{section*.51}% 51
\BOOKMARK [1][-]{section*.53}{\040Cobertura\040bruta\040por\040sexo}{section*.51}% 52
\BOOKMARK [1][-]{section*.54}{\040Cobertura\040bruta\040en\040los\040departamentos}{section*.51}% 53
\BOOKMARK [1][-]{section*.55}{\040Cobertura\040neta}{section*.51}% 54
\BOOKMARK [1][-]{section*.56}{\040Cobertura\040neta\040por\040sexo}{section*.51}% 55
\BOOKMARK [1][-]{section*.57}{\040Cobertura\040neta\040en\040los\040departamentos}{section*.51}% 56
\BOOKMARK [1][-]{section*.58}{\040Repitencia}{section*.51}% 57
\BOOKMARK [1][-]{section*.59}{\040Repitencia\040por\040sexo}{section*.51}% 58
\BOOKMARK [1][-]{section*.60}{\040Repitencia\040en\040los\040departamentos}{section*.51}% 59
\BOOKMARK [1][-]{section*.61}{\040Sobre-edad}{section*.51}% 60
\BOOKMARK [1][-]{section*.62}{\040Sobre-edad\040por\040sexo}{section*.51}% 61
\BOOKMARK [1][-]{section*.63}{\040Sobre-edad\040en\040los\040departamentos}{section*.51}% 62
\BOOKMARK [1][-]{section*.64}{ Deserción}{section*.51}% 63
\BOOKMARK [1][-]{section*.65}{ Deserción por sexo}{section*.51}% 64
\BOOKMARK [1][-]{section*.66}{ Deserción en los departamentos}{section*.51}% 65
\BOOKMARK [1][-]{section*.67}{ Aprobación}{section*.51}% 66
\BOOKMARK [1][-]{section*.68}{ Aprobación por sexo}{section*.51}% 67
\BOOKMARK [1][-]{section*.69}{ Aprobación en los departamentos}{section*.51}% 68
\BOOKMARK [0][-]{section*.70}{Alumnos\040en\040diversificado}{}% 69
\BOOKMARK [1][-]{section*.71}{\040Inscritos\040en\040diversificado\040}{section*.70}% 70
\BOOKMARK [1][-]{section*.72}{\040Inscritos\040en\040diversificado\040por\040sexo}{section*.70}% 71
\BOOKMARK [1][-]{section*.73}{\040Inscritos\040en\040diversificado\040por\040grado}{section*.70}% 72
\BOOKMARK [1][-]{section*.74}{\040Inscritos\040en\040diversificado\040por\040etnia}{section*.70}% 73
\BOOKMARK [1][-]{section*.75}{\040Inscritos\040en\040diversificado\040por\040sector\040educativo}{section*.70}% 74
\BOOKMARK [1][-]{section*.76}{\040Inscritos\040en\040diversificado\040e\040idioma}{section*.70}% 75
\BOOKMARK [1][-]{section*.77}{\040Inscritos\040en\040diversificado\040en\040los\040departamentos}{section*.70}% 76
\BOOKMARK [0][-]{section*.78}{Indicadores de educación diversificada}{}% 77
\BOOKMARK [1][-]{section*.79}{\040Cobertura\040bruta}{section*.78}% 78
\BOOKMARK [1][-]{section*.80}{\040Cobertura\040bruta\040por\040sexo}{section*.78}% 79
\BOOKMARK [1][-]{section*.81}{\040Cobertura\040bruta\040en\040los\040departamentos}{section*.78}% 80
\BOOKMARK [1][-]{section*.82}{\040Cobertura\040neta}{section*.78}% 81
\BOOKMARK [1][-]{section*.83}{\040Cobertura\040neta\040por\040sexo}{section*.78}% 82
\BOOKMARK [1][-]{section*.84}{\040Cobertura\040neta\040en\040los\040departamentos}{section*.78}% 83
\BOOKMARK [1][-]{section*.85}{\040Repitencia}{section*.78}% 84
\BOOKMARK [1][-]{section*.86}{\040Repitencia\040por\040sexo}{section*.78}% 85
\BOOKMARK [1][-]{section*.87}{\040Repitencia\040en\040los\040departamentos}{section*.78}% 86
\BOOKMARK [1][-]{section*.88}{\040Sobre-edad}{section*.78}% 87
\BOOKMARK [1][-]{section*.89}{\040Sobre-edad\040por\040sexo}{section*.78}% 88
\BOOKMARK [1][-]{section*.90}{\040Sobre-edad\040en\040los\040departamentos}{section*.78}% 89
\BOOKMARK [1][-]{section*.91}{ Deserción}{section*.78}% 90
\BOOKMARK [1][-]{section*.92}{ Deserción por sexo}{section*.78}% 91
\BOOKMARK [1][-]{section*.93}{ Deserción en los departamentos}{section*.78}% 92
\BOOKMARK [1][-]{section*.94}{ Aprobación}{section*.78}% 93
\BOOKMARK [1][-]{section*.95}{ Aprobación por sexo}{section*.78}% 94
\BOOKMARK [1][-]{section*.96}{ Aprobación en los departamentos}{section*.78}% 95
\BOOKMARK [0][-]{section*.98}{Matriculados en educación superior}{}% 96
\BOOKMARK [1][-]{section*.99}{\040Matriculados}{section*.98}% 97
\BOOKMARK [1][-]{section*.100}{\040Crecimiento\040matriculados}{section*.98}% 98
\BOOKMARK [1][-]{section*.101}{\040Matriculados\040en\040sector\040privado}{section*.98}% 99
\BOOKMARK [1][-]{section*.102}{\040Tipo\040de\040ingreso}{section*.98}% 100
\BOOKMARK [1][-]{section*.103}{\040Mujeres\040matriculadas}{section*.98}% 101
\BOOKMARK [1][-]{section*.104}{\040Crecimiento\040matriculados\040por\040sexo}{section*.98}% 102
\BOOKMARK [1][-]{section*.105}{\040Edad\040de\040los\040matriculados}{section*.98}% 103
\BOOKMARK [1][-]{section*.106}{\040Edad\040y\040sexo\040de\040los\040matriculados}{section*.98}% 104
\BOOKMARK [1][-]{section*.107}{\040Matriculados\040nuevos\040por\040sexo}{section*.98}% 105
\BOOKMARK [1][-]{section*.108}{\040Edad\040de\040los\040matriculados\040nuevos}{section*.98}% 106
\BOOKMARK [1][-]{section*.109}{ Grado académico}{section*.98}% 107
\BOOKMARK [1][-]{section*.110}{ Grado académico en la universidad pública}{section*.98}% 108
\BOOKMARK [1][-]{section*.111}{ Mujeres según grado académico}{section*.98}% 109
\BOOKMARK [1][-]{section*.112}{\040Campo\040de\040estudio}{section*.98}% 110
\BOOKMARK [1][-]{section*.113}{ Estudiantes en la universidad pública, por campo de estudio }{section*.98}% 111
\BOOKMARK [1][-]{section*.114}{ Mujeres según campo de estudio}{section*.98}% 112
\BOOKMARK [0][-]{section*.115}{Graduados de educación superior}{}% 113
\BOOKMARK [1][-]{section*.116}{\040Graduados}{section*.115}% 114
\BOOKMARK [1][-]{section*.117}{\040Mujeres\040graduadas}{section*.115}% 115
\BOOKMARK [1][-]{section*.118}{\040Grado\040obtenido}{section*.115}% 116
\BOOKMARK [1][-]{section*.119}{ Grado obtenido según sexo}{section*.115}% 117
\BOOKMARK [1][-]{section*.120}{ Graduados según campo de estudio}{section*.115}% 118
\BOOKMARK [1][-]{section*.121}{ Graduados según campo de estudio y sector}{section*.115}% 119
\BOOKMARK [0][-]{section*.123}{Alfabetismo de la población en edad de trabajar}{}% 120
\BOOKMARK [1][-]{section*.124}{\040Alfabetismo}{section*.123}% 121
\BOOKMARK [1][-]{section*.125}{ Alfabetismo según sexo}{section*.123}% 122
\BOOKMARK [1][-]{section*.126}{\040Alfabetismo\040por\040edad}{section*.123}% 123
\BOOKMARK [1][-]{section*.127}{\040Alfabetismo\040por\040etnia}{section*.123}% 124
\BOOKMARK [1][-]{section*.128}{ Alfabetismo según etnia y sexo}{section*.123}% 125
\BOOKMARK [1][-]{section*.129}{ Alfabetismo por área de residencia}{section*.123}% 126
\BOOKMARK [1][-]{section*.130}{ Alfabetismo por área y sexo}{section*.123}% 127
\BOOKMARK [0][-]{section*.131}{Caracterización escolar de la población económicamente activa}{}% 128
\BOOKMARK [1][-]{section*.132}{ Participación PEA}{section*.131}% 129
\BOOKMARK [1][-]{section*.133}{\040PEA\040que\040sabe\040leer\040y\040escribir}{section*.131}% 130
\BOOKMARK [1][-]{section*.134}{ PEA según nivel de escolaridad}{section*.131}% 131
\BOOKMARK [1][-]{section*.135}{ PEA según escolaridad y sexo}{section*.131}% 132
\BOOKMARK [1][-]{section*.136}{ PEA según escolaridad y etnia}{section*.131}% 133
\BOOKMARK [1][-]{section*.137}{ PEA que asistió a un plantel educativo}{section*.131}% 134
\BOOKMARK [0][-]{section*.138}{Caracterización escolar de los ocupados y desocupados}{}% 135
\BOOKMARK [1][-]{section*.139}{ Ocupados: educación primaria}{section*.138}% 136
\BOOKMARK [1][-]{section*.140}{ Ocupados: educación primaria y la rama de actividad}{section*.138}% 137
\BOOKMARK [1][-]{section*.141}{ Ocupados: educación primaria y la ocupación}{section*.138}% 138
\BOOKMARK [1][-]{section*.142}{\040Ocupados:\040IGSS\040y\040escolaridad}{section*.138}% 139
\BOOKMARK [1][-]{section*.143}{\040Ocupados:\040sector\040informal\040y\040escolaridad}{section*.138}% 140
\BOOKMARK [1][-]{section*.144}{\040Asalariados:\040contratos\040y\040escolaridad}{section*.138}% 141
\BOOKMARK [1][-]{section*.145}{\040Asalariados:\040bono\04014\040y\040escolaridad}{section*.138}% 142
\BOOKMARK [1][-]{section*.146}{\040Asalariados:\040aguinaldo\040y\040escolaridad}{section*.138}% 143
\BOOKMARK [1][-]{section*.147}{\040Escolaridad\040e\040ingresos}{section*.138}% 144
\BOOKMARK [1][-]{section*.148}{ Escolaridad e ingresos, según sexo}{section*.138}% 145
\BOOKMARK [1][-]{section*.149}{\040Desempleo}{section*.138}% 146
\BOOKMARK [1][-]{section*.150}{\040Desocupados\040y\040escolaridad}{section*.138}% 147
\BOOKMARK [0][-]{section*.152}{Fecundidad y planificación familiar}{}% 148
\BOOKMARK [1][-]{section*.153}{\040TGF}{section*.152}% 149
\BOOKMARK [1][-]{section*.154}{ TGF según escolaridad}{section*.152}% 150
\BOOKMARK [1][-]{section*.155}{ TGF mujeres sin educación}{section*.152}% 151
\BOOKMARK [1][-]{section*.156}{ Primera relación sexual}{section*.152}% 152
\BOOKMARK [1][-]{section*.157}{ Primera relación sexual según escolaridad}{section*.152}% 153
\BOOKMARK [1][-]{section*.158}{\040Cantidad\040de\040hijos\040deseados\040y\040observados}{section*.152}% 154
\BOOKMARK [1][-]{section*.159}{ Cantidad de hijos deseados y observados según escolaridad}{section*.152}% 155
\BOOKMARK [1][-]{section*.160}{ Cantidad de hijos deseados y observados en mujeres sin educación}{section*.152}% 156
\BOOKMARK [1][-]{section*.161}{ Conocimiento de métodos anticonceptivos}{section*.152}% 157
\BOOKMARK [1][-]{section*.162}{ Conocimiento de métodos anticonceptivos según escolaridad}{section*.152}% 158
\BOOKMARK [1][-]{section*.163}{ Conocimiento de métodos anticonceptivos mujeres sin educación}{section*.152}% 159
\BOOKMARK [1][-]{section*.164}{ Uso de métodos anticonceptivos}{section*.152}% 160
\BOOKMARK [1][-]{section*.165}{ Uso de métodos anticonceptivos según escolaridad}{section*.152}% 161
\BOOKMARK [1][-]{section*.166}{ Uso de métodos anticonceptivos mujeres sin educación}{section*.152}% 162
\BOOKMARK [0][-]{section*.167}{Nacimientos: características escolares de las madres}{}% 163
\BOOKMARK [1][-]{section*.168}{\040Nacimientos}{section*.167}% 164
\BOOKMARK [1][-]{section*.169}{\040Escolaridad\040de\040la\040madre}{section*.167}% 165
\BOOKMARK [1][-]{section*.170}{\040Madres\040sin\040escolaridad}{section*.167}% 166
\BOOKMARK [1][-]{section*.171}{\040Madres\040sin\040escolaridad\040por\040etnia}{section*.167}% 167
\BOOKMARK [1][-]{section*.172}{\040Madres\040sin\040escolaridad\040en\040los\040departamentos}{section*.167}% 168
\BOOKMARK [1][-]{section*.173}{\040Promedio\040de\040hijos}{section*.167}% 169
\BOOKMARK [1][-]{section*.174}{\040Promedio\040de\040hijos\040de\040madres\040sin\040escolaridad}{section*.167}% 170
\BOOKMARK [1][-]{section*.175}{\040Promedio\040de\040hijos\040de\040madres\040sin\040escolaridad\040en\040los\040departamentos}{section*.167}% 171
\BOOKMARK [1][-]{section*.176}{ Madres que recibieron atención médica}{section*.167}% 172
\BOOKMARK [1][-]{section*.177}{ Madres sin escolaridad que recibieron atención médica}{section*.167}% 173
\BOOKMARK [1][-]{section*.178}{ Madres sin escolaridad que recibieron atención médicaen los departamentos}{section*.167}% 174
\BOOKMARK [1][-]{section*.179}{ Nacimientos ocurridos en centro médico, según escolaridad la madre}{section*.167}% 175
\BOOKMARK [1][-]{section*.180}{ Nacimientos ocurridos en centro médico, madres sin escolaridad}{section*.167}% 176
\BOOKMARK [1][-]{section*.181}{ Madres sin escolaridad que recibieron atención médicaen los departamentos}{section*.167}% 177
\BOOKMARK [0][-]{section*.183}{Gasto público y financiamiento}{}% 178
\BOOKMARK [1][-]{section*.184}{ Evolución del gasto, por sector}{section*.183}% 179
\BOOKMARK [1][-]{section*.185}{\040Gasto\040por\040sector}{section*.183}% 180
\BOOKMARK [1][-]{section*.186}{ Crecimiento del gasto en educación}{section*.183}% 181
\BOOKMARK [1][-]{section*.187}{ Evolución del gasto en educación, por entidad}{section*.183}% 182
\BOOKMARK [1][-]{section*.188}{\040Gasto\040por\040entidad}{section*.183}% 183
\BOOKMARK [1][-]{section*.189}{ Crecimiento del gasto en educación por entidad}{section*.183}% 184
\BOOKMARK [1][-]{section*.190}{ Evolución del gasto en educación, por grupo}{section*.183}% 185
\BOOKMARK [1][-]{section*.191}{ Gasto en educación por grupo}{section*.183}% 186
\BOOKMARK [1][-]{section*.192}{ Crecimiento del gasto en educación por grupo}{section*.183}% 187
\BOOKMARK [1][-]{section*.193}{ Evolución del gasto en educación, por tipo}{section*.183}% 188
\BOOKMARK [1][-]{section*.194}{ Gasto en educación por tipo}{section*.183}% 189
\BOOKMARK [1][-]{section*.195}{ Crecimiento del gasto en educación por tipo}{section*.183}% 190
\BOOKMARK [1][-]{section*.196}{ Evolución del gasto en educación por función}{section*.183}% 191
\BOOKMARK [1][-]{section*.197}{ Gasto en educación por función}{section*.183}% 192
\BOOKMARK [1][-]{section*.198}{ Crecimiento del gasto en educación por función}{section*.183}% 193
\BOOKMARK [1][-]{section*.199}{ Evolución de las fuentes de financiamiento}{section*.183}% 194
\BOOKMARK [1][-]{section*.200}{\040Fuentes\040de\040financiamiento}{section*.183}% 195
\BOOKMARK [1][-]{section*.201}{\040Crecimiento\040de\040la\040fuentes\040de\040financiamiento}{section*.183}% 196
\BOOKMARK [1][-]{section*.202}{ Gasto en educación en relación al PIB}{section*.183}% 197
\BOOKMARK [0][-]{section*.203}{Gasto\040de\040los\040hogares}{}% 198
\BOOKMARK [1][-]{section*.204}{ Gasto en educación}{section*.203}% 199
\BOOKMARK [1][-]{section*.205}{ Proporción de gasto en educación}{section*.203}% 200
\BOOKMARK [1][-]{section*.206}{ Gasto en educación según jefatura del hogar}{section*.203}% 201
\BOOKMARK [1][-]{section*.207}{ Gasto en educación según etnicidad}{section*.203}% 202
\BOOKMARK [1][-]{section*.208}{ Gasto en educación según nivel de pobreza}{section*.203}% 203
\BOOKMARK [1][-]{section*.209}{ Gasto en educación por área de residencia}{section*.203}% 204
\BOOKMARK [1][-]{section*.210}{ Gasto en educación en los departamentos}{section*.203}% 205
\BOOKMARK [0][-]{section*.210}{APÉNDICES}{}% 206
\BOOKMARK [0][-]{section*.211}{Aspectos metodológicos}{}% 207
\BOOKMARK [0][-]{section*.212}{Glosario}{}% 208
\BOOKMARK [0][-]{section*.213}{Cuadros Estadísticos}{}% 209
